[] Input source confirmed: sample_users.csv
[] Processing: john.smith@example.com
[] Username: sJohn
[] User sJohn created.
[] Creating group: staffData
[] Group 'staffData' created.
[] Setting up shared folder: /staffData (group: staffData)
[] Permissions set on /staffData.
[] Symlink ~/shared -> /staffData created for sJohn.
[] Alias 'myls' added for sudo user sJohn.
[] Setup complete for: sJohn
[] Processing: alice.jones@example.com
[] Username: jAlice
[] User jAlice created.
[] Group 'staffData' already exists. Skipping.
[] Setting up shared folder: /staffData (group: staffData)
[] Permissions set on /staffData.
[] Symlink ~/shared -> /staffData created for jAlice.
[] Setup complete for: jAlice
[] Processing: bob.brown@example.com
[] Username: bBob
[] User bBob created.
[] Group 'staffData' already exists. Skipping.
[] Setting up shared folder: /staffData (group: staffData)
[] Permissions set on /staffData.
[] Symlink ~/shared -> /staffData created for bBob.
[] Setup complete for: bBob
[] Processing: jane.doe@example.com
[] Username: dJane
[] ERROR: Invalid date '1995-13-45' for jane.doe@example.com.
