[2026-05-07 08:17:16] Attempting download from https://osc.op-bit.nz/share/users.csv
[2026-05-07 08:17:16] Download successful: downloaded_users_1778141836.csv
[2026-05-07 08:17:16] Input file validated: downloaded_users_1778141836.csv
[2026-05-07 08:17:16] Input source confirmed: downloaded_users_1778141836.csv
[2026-05-07 08:17:19] User confirmed. Beginning processing of 4 users.
[2026-05-07 08:17:19] Processing: alice.smith@example.com
[2026-05-07 08:17:19] Username: sAlice
[2026-05-07 08:17:19] User sAlice created.
[2026-05-07 08:17:19] Password expiry set for sAlice (must change on first login).
[2026-05-07 08:17:19] Group 'sudo' already exists. Skipping.
[2026-05-07 08:17:19] Added sAlice to group: sudo
[2026-05-07 08:17:19] Group 'dev' created.
[2026-05-07 08:17:19] Added sAlice to group: dev
[2026-05-07 08:17:19] Group 'staffData' already exists. Skipping.
[2026-05-07 08:17:19] Setting up shared folder: /opt/staffData (group: staffData)
[2026-05-07 08:17:19] Permissions set on /opt/staffData (770, setgid, group: staffData).
[2026-05-07 08:17:19] Symlink ~/shared -> /opt/staffData created for sAlice.
[2026-05-07 08:17:19] Alias 'myls' added to /home/sAlice/.bash_alias for sudo user sAlice.
[2026-05-07 08:17:19] Setup complete for: sAlice
[2026-05-07 08:17:19] Processing: bob.jones@example.com
[2026-05-07 08:17:19] Username: jBob
[2026-05-07 08:17:19] User jBob created.
[2026-05-07 08:17:20] Password expiry set for jBob (must change on first login).
[2026-05-07 08:17:20] Group 'dev' already exists. Skipping.
[2026-05-07 08:17:20] Added jBob to group: dev
[2026-05-07 08:17:20] Group 'staffData' already exists. Skipping.
[2026-05-07 08:17:20] Setting up shared folder: /opt/staffData (group: staffData)
[2026-05-07 08:17:20] Permissions set on /opt/staffData (770, setgid, group: staffData).
[2026-05-07 08:17:20] Symlink ~/shared -> /opt/staffData created for jBob.
[2026-05-07 08:17:20] Setup complete for: jBob
[2026-05-07 08:17:20] Processing: carol.white@example.com
[2026-05-07 08:17:20] Username: wCarol
[2026-05-07 08:17:20] User wCarol created.
[2026-05-07 08:17:20] Password expiry set for wCarol (must change on first login).
[2026-05-07 08:17:20] Group 'intern' created.
[2026-05-07 08:17:20] Added wCarol to group: intern
[2026-05-07 08:17:20] Group 'internData' created.
[2026-05-07 08:17:20] Setting up shared folder: /opt/internData (group: internData)
[2026-05-07 08:17:20] Permissions set on /opt/internData (770, setgid, group: internData).
[2026-05-07 08:17:20] Symlink ~/shared -> /opt/internData created for wCarol.
[2026-05-07 08:17:20] Setup complete for: wCarol
[2026-05-07 08:17:20] Processing: dave.nguyen@example.com
[2026-05-07 08:17:20] Username: nDave
[2026-05-07 08:17:21] User nDave created.
[2026-05-07 08:17:21] Password expiry set for nDave (must change on first login).
[2026-05-07 08:17:21] Group 'dev' already exists. Skipping.
[2026-05-07 08:17:21] Added nDave to group: dev
[2026-05-07 08:17:21] Group 'docker' created.
[2026-05-07 08:17:21] Added nDave to group: docker
[2026-05-07 08:17:21] Group 'staffData' already exists. Skipping.
[2026-05-07 08:17:21] Setting up shared folder: /opt/staffData (group: staffData)
[2026-05-07 08:17:21] Permissions set on /opt/staffData (770, setgid, group: staffData).
[2026-05-07 08:17:21] Symlink ~/shared -> /opt/staffData created for nDave.
[2026-05-07 08:17:21] Setup complete for: nDave
[2026-05-07 08:17:21] Script completed.
